<?xml version="1.0" encoding="UTF-8"?>
<!-- Generated by org.testng.reporters.JUnitXMLReporter -->
<testsuite ignored="6" hostname="TCOEW42SLPC6899" failures="0" tests="1" name="Default test" time="1.554" errors="0" timestamp="2022-06-05T12:11:14 IST">
  <testcase classname="zensar.restapi.testclasses.TestRestAssured" name="testTime" time="1.526"/>
  <testcase classname="zensar.restapi.testclasses.TestRestAssured" name="test4" time="0.0">
    <ignored/>
  </testcase> <!-- test4 -->
  <testcase classname="zensar.restapi.testclasses.TestRestAssured" name="test3" time="0.0">
    <ignored/>
  </testcase> <!-- test3 -->
  <testcase classname="zensar.restapi.testclasses.TestRestAssured" name="test2" time="0.0">
    <ignored/>
  </testcase> <!-- test2 -->
  <testcase classname="zensar.restapi.testclasses.TestRestAssured" name="test1" time="0.0">
    <ignored/>
  </testcase> <!-- test1 -->
  <testcase classname="zensar.restapi.testclasses.TestRestAssured" name="testError" time="0.0">
    <ignored/>
  </testcase> <!-- testError -->
  <testcase classname="zensar.restapi.testclasses.TestRestAssured" name="testGetEmployeeWithPathParam" time="0.0">
    <ignored/>
  </testcase> <!-- testGetEmployeeWithPathParam -->
</testsuite> <!-- Default test -->
