<?xml version="1.0" encoding="UTF-8"?>
<!-- Generated by org.testng.reporters.JUnitXMLReporter -->
<testsuite ignored="6" hostname="TCOEW42SLPC6899" failures="0" tests="4" name="Test Basics 3" time="0.062" errors="0" timestamp="2022-05-28T19:25:52 IST">
  <testcase classname="zensar.selenium.testclasses.GroupTest" name="test4" time="0.009"/>
  <testcase classname="zensar.selenium.testclasses.GroupTest" name="test5" time="0.007"/>
  <testcase classname="zensar.selenium.testclasses.GroupTest1" name="test41" time="0.001"/>
  <testcase classname="zensar.selenium.testclasses.GroupTest1" name="test51" time="0.001"/>
  <testcase classname="zensar.selenium.testclasses.GroupTest1" name="test21" time="0.0">
    <ignored/>
  </testcase> <!-- test21 -->
  <testcase classname="zensar.selenium.testclasses.GroupTest" name="test1" time="0.0">
    <ignored/>
  </testcase> <!-- test1 -->
  <testcase classname="zensar.selenium.testclasses.GroupTest1" name="test11" time="0.0">
    <ignored/>
  </testcase> <!-- test11 -->
  <testcase classname="zensar.selenium.testclasses.GroupTest1" name="test31" time="0.0">
    <ignored/>
  </testcase> <!-- test31 -->
  <testcase classname="zensar.selenium.testclasses.GroupTest" name="test2" time="0.0">
    <ignored/>
  </testcase> <!-- test2 -->
  <testcase classname="zensar.selenium.testclasses.GroupTest" name="test3" time="0.0">
    <ignored/>
  </testcase> <!-- test3 -->
</testsuite> <!-- Test Basics 3 -->
