<?xml version="1.0" encoding="UTF-8"?>
<testng-results ignored="6" total="7" passed="1" failed="0" skipped="0">
  <reporter-output>
  </reporter-output>
  <suite started-at="2022-06-05T12:11:13 IST" name="Default suite" finished-at="2022-06-05T12:11:14 IST" duration-ms="1554">
    <groups>
    </groups>
    <test started-at="2022-06-05T12:11:13 IST" name="Default test" finished-at="2022-06-05T12:11:14 IST" duration-ms="1554">
      <class name="zensar.restapi.testclasses.TestRestAssured">
        <test-method signature="testTime()[pri:0, instance:zensar.restapi.testclasses.TestRestAssured@73e22a3d]" started-at="2022-06-05T12:11:13 IST" name="testTime" finished-at="2022-06-05T12:11:14 IST" duration-ms="1526" status="PASS">
          <reporter-output>
          </reporter-output>
        </test-method> <!-- testTime -->
      </class> <!-- zensar.restapi.testclasses.TestRestAssured -->
    </test> <!-- Default test -->
  </suite> <!-- Default suite -->
</testng-results>
