<?xml version="1.0" encoding="UTF-8"?>
<!-- Generated by org.testng.reporters.JUnitXMLReporter -->
<testsuite ignored="1" hostname="TCOEW42SLPC6899" failures="0" tests="2" name="Test Basics 1" time="15.765" errors="0" timestamp="2022-05-28T19:05:30 IST">
  <testcase classname="zensar.selenium.testclasses.SeleniumTest" name="test1" time="1.859"/>
  <testcase classname="zensar.selenium.testclasses.SeleniumTest1" name="test1" time="1.719"/>
  <testcase classname="zensar.selenium.testclasses.SeleniumTest" name="test2" time="0.0">
    <ignored/>
  </testcase> <!-- test2 -->
</testsuite> <!-- Test Basics 1 -->
